2023-10-14 17:53:43.817 [info] Extension host with pid 105070 started
2023-10-14 17:53:43.817 [info] Skipping acquiring lock for /home/lmdc/Documents/WebPage/User/workspaceStorage/de045d141a8b035fd6afde5a0c3a97e9.
2023-10-14 17:53:43.940 [info] ExtensionService#_doActivateExtension vscode.git-base, startup: true, activationEvent: '*'
2023-10-14 17:53:43.978 [info] ExtensionService#_doActivateExtension vscode.github, startup: true, activationEvent: '*'
2023-10-14 17:53:44.053 [info] Eager extensions activated
2023-10-14 17:53:44.072 [info] ExtensionService#_doActivateExtension vscode.debug-auto-launch, startup: false, activationEvent: 'onStartupFinished'
2023-10-14 17:53:44.074 [info] ExtensionService#_doActivateExtension vscode.merge-conflict, startup: false, activationEvent: 'onStartupFinished'
2023-10-14 17:53:44.240 [info] ExtensionService#_doActivateExtension vscode.github-authentication, startup: false, activationEvent: 'onAuthenticationRequest:github'
2023-10-14 17:53:44.394 [info] ExtensionService#_doActivateExtension vscode.microsoft-authentication, startup: false, activationEvent: 'onAuthenticationRequest:microsoft'
2023-10-14 17:53:47.644 [info] ExtensionService#_doActivateExtension vscode.git, startup: false, activationEvent: 'api', root cause: vscode.github
2023-10-14 17:53:49.315 [info] ExtensionService#_doActivateExtension vscode.emmet, startup: false, activationEvent: 'onLanguage'
2023-10-14 17:54:02.374 [info] Extension host terminating: renderer closed the MessagePort
2023-10-14 17:54:02.382 [info] Extension host with pid 105070 exiting with code 0
2023-10-14 17:54:03.247 [info] Extension host with pid 105279 started
2023-10-14 17:54:03.247 [info] Skipping acquiring lock for /home/lmdc/Documents/WebPage/User/workspaceStorage/ed896b46ef63900d51d2840fb06ea1f1.
2023-10-14 17:54:03.272 [info] ExtensionService#_doActivateExtension vscode.git-base, startup: true, activationEvent: '*', root cause: vscode.git
2023-10-14 17:54:03.275 [info] ExtensionService#_doActivateExtension vscode.npm, startup: true, activationEvent: 'workspaceContains:package.json'
2023-10-14 17:54:03.332 [info] ExtensionService#_doActivateExtension vscode.git, startup: true, activationEvent: '*'
2023-10-14 17:54:03.359 [info] ExtensionService#_doActivateExtension vscode.github, startup: true, activationEvent: '*'
2023-10-14 17:54:03.475 [info] Eager extensions activated
2023-10-14 17:54:03.513 [info] ExtensionService#_doActivateExtension vscode.github-authentication, startup: false, activationEvent: 'onAuthenticationRequest:github'
2023-10-14 17:54:03.530 [info] ExtensionService#_doActivateExtension vscode.debug-auto-launch, startup: false, activationEvent: 'onStartupFinished'
2023-10-14 17:54:03.532 [info] ExtensionService#_doActivateExtension vscode.merge-conflict, startup: false, activationEvent: 'onStartupFinished'
2023-10-14 17:54:03.626 [info] ExtensionService#_doActivateExtension vscode.microsoft-authentication, startup: false, activationEvent: 'onAuthenticationRequest:microsoft'
2023-10-14 17:54:23.403 [info] ExtensionService#_doActivateExtension vscode.extension-editing, startup: false, activationEvent: 'onLanguage:json'
2023-10-14 17:54:23.425 [info] ExtensionService#_doActivateExtension vscode.json-language-features, startup: false, activationEvent: 'onLanguage:json'
2023-10-14 17:54:23.497 [info] ExtensionService#_doActivateExtension vscode.emmet, startup: false, activationEvent: 'onLanguage'
2023-10-14 17:54:35.121 [info] ExtensionService#_doActivateExtension vscode.html-language-features, startup: false, activationEvent: 'onLanguage:html'
2023-10-14 17:55:18.476 [warning] [Decorations] CAPPING events from decorations provider vscode.git 267
2023-10-14 17:55:23.828 [warning] [Decorations] CAPPING events from decorations provider vscode.git 266
