2023-10-14 17:53:48.047 [info] Log level: Info
2023-10-14 17:53:48.047 [info] Validating found git in: "git"
2023-10-14 17:53:48.047 [info] Using git "2.39.2" from "git"
2023-10-14 17:53:48.047 [info] > git rev-parse --show-toplevel [11ms]
2023-10-14 17:53:48.047 [info] fatal: not a git repository (or any of the parent directories): .git
2023-10-14 17:53:48.047 [info] > git rev-parse --show-toplevel [2ms]
2023-10-14 17:53:48.047 [info] fatal: not a git repository (or any of the parent directories): .git
2023-10-14 17:53:48.053 [info] > git rev-parse --show-toplevel [1ms]
2023-10-14 17:53:48.053 [info] fatal: not a git repository (or any of the parent directories): .git
2023-10-14 17:53:48.060 [info] > git rev-parse --show-toplevel [1ms]
2023-10-14 17:53:48.060 [info] fatal: not a git repository (or any parent up to mount point /)
Stopping at filesystem boundary (GIT_DISCOVERY_ACROSS_FILESYSTEM not set).
2023-10-14 17:53:48.066 [info] > git rev-parse --show-toplevel [1ms]
2023-10-14 17:53:48.066 [info] fatal: not a git repository (or any of the parent directories): .git
2023-10-14 17:53:48.072 [info] > git rev-parse --show-toplevel [1ms]
2023-10-14 17:53:48.072 [info] fatal: not a git repository (or any of the parent directories): .git
2023-10-14 17:53:48.079 [info] > git rev-parse --show-toplevel [1ms]
2023-10-14 17:53:48.079 [info] fatal: not a git repository (or any of the parent directories): .git
2023-10-14 17:53:48.085 [info] > git rev-parse --show-toplevel [2ms]
2023-10-14 17:53:48.085 [info] fatal: not a git repository (or any of the parent directories): .git
2023-10-14 17:53:48.092 [info] > git rev-parse --show-toplevel [1ms]
2023-10-14 17:53:48.092 [info] fatal: not a git repository (or any of the parent directories): .git
2023-10-14 17:53:48.098 [info] > git rev-parse --show-toplevel [1ms]
2023-10-14 17:53:48.098 [info] fatal: not a git repository (or any of the parent directories): .git
2023-10-14 17:53:48.104 [info] > git rev-parse --show-toplevel [1ms]
2023-10-14 17:53:48.104 [info] fatal: not a git repository (or any parent up to mount point /)
Stopping at filesystem boundary (GIT_DISCOVERY_ACROSS_FILESYSTEM not set).
2023-10-14 17:53:48.111 [info] > git rev-parse --show-toplevel [2ms]
2023-10-14 17:53:48.111 [info] fatal: not a git repository (or any of the parent directories): .git
2023-10-14 17:53:48.117 [info] > git rev-parse --show-toplevel [1ms]
2023-10-14 17:53:48.117 [info] fatal: not a git repository (or any parent up to mount point /)
Stopping at filesystem boundary (GIT_DISCOVERY_ACROSS_FILESYSTEM not set).
2023-10-14 17:53:48.124 [info] > git rev-parse --show-toplevel [1ms]
2023-10-14 17:53:48.124 [info] fatal: not a git repository (or any of the parent directories): .git
2023-10-14 17:53:48.130 [info] > git rev-parse --show-toplevel [1ms]
2023-10-14 17:53:48.130 [info] fatal: not a git repository (or any parent up to mount point /)
Stopping at filesystem boundary (GIT_DISCOVERY_ACROSS_FILESYSTEM not set).
2023-10-14 17:53:48.136 [info] > git rev-parse --show-toplevel [1ms]
2023-10-14 17:53:48.136 [info] fatal: not a git repository (or any of the parent directories): .git
2023-10-14 17:53:48.143 [info] > git rev-parse --show-toplevel [1ms]
2023-10-14 17:53:48.143 [info] fatal: not a git repository (or any of the parent directories): .git
2023-10-14 17:53:48.149 [info] > git rev-parse --show-toplevel [1ms]
2023-10-14 17:53:48.149 [info] fatal: not a git repository (or any of the parent directories): .git
2023-10-14 17:54:03.452 [info] Log level: Info
2023-10-14 17:54:03.452 [info] Validating found git in: "git"
2023-10-14 17:54:03.452 [info] Using git "2.39.2" from "git"
2023-10-14 17:54:03.452 [info] > git rev-parse --show-toplevel [4ms]
2023-10-14 17:54:03.462 [info] > git rev-parse --git-dir --git-common-dir [1ms]
2023-10-14 17:54:03.472 [info] Open repository: /home/lmdc/Documents/WebPage
2023-10-14 17:54:03.484 [info] > git config --get commit.template [3ms]
2023-10-14 17:54:03.496 [info] > git rev-parse --show-toplevel [1ms]
2023-10-14 17:54:03.504 [info] > git for-each-ref --format=%(refname)%00%(upstream:short)%00%(objectname)%00%(upstream:track)%00%(upstream:remotename)%00%(upstream:remoteref) refs/heads/githubpagesdeploy refs/remotes/githubpagesdeploy [13ms]
2023-10-14 17:54:03.512 [info] > git rev-parse --show-toplevel [9ms]
2023-10-14 17:54:03.563 [info] > git rev-parse --show-toplevel [1ms]
2023-10-14 17:54:03.571 [info] > git rev-parse --show-toplevel [1ms]
2023-10-14 17:54:03.580 [info] > git rev-parse --show-toplevel [1ms]
2023-10-14 17:54:03.604 [info] > git rev-parse --show-toplevel [11ms]
2023-10-14 17:54:03.617 [info] > git rev-parse --show-toplevel [1ms]
2023-10-14 17:54:03.642 [info] > git status -z -uall [132ms]
2023-10-14 17:54:03.656 [info] > git rev-parse --show-toplevel [31ms]
2023-10-14 17:54:03.679 [info] > git config --get commit.template [16ms]
2023-10-14 17:54:03.709 [info] > git rev-parse --show-toplevel [3ms]
2023-10-14 17:54:03.710 [info] > git for-each-ref --format=%(refname)%00%(upstream:short)%00%(objectname)%00%(upstream:track)%00%(upstream:remotename)%00%(upstream:remoteref) refs/heads/githubpagesdeploy refs/remotes/githubpagesdeploy [10ms]
2023-10-14 17:54:03.804 [info] > git rev-parse --show-toplevel [73ms]
2023-10-14 17:54:03.812 [info] > git rev-parse --show-toplevel [1ms]
2023-10-14 17:54:03.820 [info] > git rev-parse --show-toplevel [1ms]
2023-10-14 17:54:03.828 [info] > git rev-parse --show-toplevel [1ms]
2023-10-14 17:54:03.837 [info] > git rev-parse --show-toplevel [1ms]
2023-10-14 17:54:03.842 [info] > git status -z -uall [125ms]
2023-10-14 17:54:03.851 [info] > git rev-parse --show-toplevel [10ms]
2023-10-14 17:54:03.865 [info] > git rev-parse --show-toplevel [7ms]
2023-10-14 17:54:03.872 [info] > git rev-parse --show-toplevel [1ms]
2023-10-14 17:54:03.880 [info] > git rev-parse --show-toplevel [1ms]
2023-10-14 17:54:03.887 [info] > git rev-parse --show-toplevel [1ms]
2023-10-14 17:54:03.894 [info] > git rev-parse --show-toplevel [1ms]
2023-10-14 17:54:04.059 [info] > git check-ignore -v -z --stdin [64ms]
2023-10-14 17:54:05.799 [info] > git config --get commit.template [3ms]
2023-10-14 17:54:05.811 [info] > git for-each-ref --format=%(refname)%00%(upstream:short)%00%(objectname)%00%(upstream:track)%00%(upstream:remotename)%00%(upstream:remoteref) refs/heads/githubpagesdeploy refs/remotes/githubpagesdeploy [3ms]
2023-10-14 17:54:05.971 [info] > git status -z -uall [153ms]
2023-10-14 17:54:13.151 [info] > git config --get commit.template [23ms]
2023-10-14 17:54:13.155 [info] > git for-each-ref --format=%(refname)%00%(upstream:short)%00%(objectname)%00%(upstream:track)%00%(upstream:remotename)%00%(upstream:remoteref) refs/heads/githubpagesdeploy refs/remotes/githubpagesdeploy [9ms]
2023-10-14 17:54:13.460 [info] > git status -z -uall [288ms]
2023-10-14 17:54:16.029 [info] > git check-ignore -v -z --stdin [48ms]
2023-10-14 17:54:18.508 [info] > git config --get commit.template [20ms]
2023-10-14 17:54:18.512 [info] > git for-each-ref --format=%(refname)%00%(upstream:short)%00%(objectname)%00%(upstream:track)%00%(upstream:remotename)%00%(upstream:remoteref) refs/heads/githubpagesdeploy refs/remotes/githubpagesdeploy [6ms]
2023-10-14 17:54:18.814 [info] > git status -z -uall [285ms]
2023-10-14 17:54:23.599 [info] > git show --textconv :angular.json [17ms]
2023-10-14 17:54:23.603 [info] > git ls-files --stage -- /home/lmdc/Documents/WebPage/angular.json [11ms]
2023-10-14 17:54:23.611 [info] > git cat-file -s 74a2e94bcbde1c04766066cfd8921124acacb061 [1ms]
2023-10-14 17:54:24.886 [info] > git config --get commit.template [19ms]
2023-10-14 17:54:24.888 [info] > git for-each-ref --format=%(refname)%00%(upstream:short)%00%(objectname)%00%(upstream:track)%00%(upstream:remotename)%00%(upstream:remoteref) refs/heads/githubpagesdeploy refs/remotes/githubpagesdeploy [6ms]
2023-10-14 17:54:25.222 [info] > git status -z -uall [318ms]
2023-10-14 17:54:30.272 [info] > git config --get commit.template [19ms]
2023-10-14 17:54:30.275 [info] > git for-each-ref --format=%(refname)%00%(upstream:short)%00%(objectname)%00%(upstream:track)%00%(upstream:remotename)%00%(upstream:remoteref) refs/heads/githubpagesdeploy refs/remotes/githubpagesdeploy [6ms]
2023-10-14 17:54:30.591 [info] > git status -z -uall [300ms]
2023-10-14 17:54:30.966 [info] > git check-ignore -v -z --stdin [58ms]
2023-10-14 17:54:33.359 [info] > git check-ignore -v -z --stdin [45ms]
2023-10-14 17:54:35.426 [info] > git show --textconv :src/404.html [12ms]
2023-10-14 17:54:35.436 [info] > git ls-files --stage -- /home/lmdc/Documents/WebPage/src/404.html [11ms]
2023-10-14 17:54:35.446 [info] > git cat-file -s f6847ed9397ce821fe7fe99168490317f92fb67b [2ms]
2023-10-14 17:54:35.612 [info] > git config --get commit.template [7ms]
2023-10-14 17:54:35.612 [info] > git for-each-ref --format=%(refname)%00%(upstream:short)%00%(objectname)%00%(upstream:track)%00%(upstream:remotename)%00%(upstream:remoteref) refs/heads/githubpagesdeploy refs/remotes/githubpagesdeploy [2ms]
2023-10-14 17:54:35.700 [info] > git status -z -uall [83ms]
2023-10-14 17:54:40.753 [info] > git config --get commit.template [24ms]
2023-10-14 17:54:40.758 [info] > git for-each-ref --format=%(refname)%00%(upstream:short)%00%(objectname)%00%(upstream:track)%00%(upstream:remotename)%00%(upstream:remoteref) refs/heads/githubpagesdeploy refs/remotes/githubpagesdeploy [7ms]
2023-10-14 17:54:41.064 [info] > git status -z -uall [284ms]
2023-10-14 17:54:41.872 [info] > git check-ignore -v -z --stdin [45ms]
2023-10-14 17:54:44.434 [info] > git show --textconv :docs/404.html [10ms]
2023-10-14 17:54:44.442 [info] > git ls-files --stage -- /home/lmdc/Documents/WebPage/docs/404.html [10ms]
2023-10-14 17:54:44.656 [info] > git check-ignore -v -z --stdin [48ms]
2023-10-14 17:54:46.116 [info] > git config --get commit.template [23ms]
2023-10-14 17:54:46.119 [info] > git for-each-ref --format=%(refname)%00%(upstream:short)%00%(objectname)%00%(upstream:track)%00%(upstream:remotename)%00%(upstream:remoteref) refs/heads/githubpagesdeploy refs/remotes/githubpagesdeploy [7ms]
2023-10-14 17:54:46.442 [info] > git status -z -uall [305ms]
2023-10-14 17:54:51.488 [info] > git config --get commit.template [20ms]
2023-10-14 17:54:51.493 [info] > git for-each-ref --format=%(refname)%00%(upstream:short)%00%(objectname)%00%(upstream:track)%00%(upstream:remotename)%00%(upstream:remoteref) refs/heads/githubpagesdeploy refs/remotes/githubpagesdeploy [7ms]
2023-10-14 17:54:51.794 [info] > git status -z -uall [285ms]
2023-10-14 17:54:56.869 [info] > git config --get commit.template [23ms]
2023-10-14 17:54:56.871 [info] > git for-each-ref --format=%(refname)%00%(upstream:short)%00%(objectname)%00%(upstream:track)%00%(upstream:remotename)%00%(upstream:remoteref) refs/heads/githubpagesdeploy refs/remotes/githubpagesdeploy [8ms]
2023-10-14 17:54:57.199 [info] > git status -z -uall [310ms]
2023-10-14 17:55:02.249 [info] > git config --get commit.template [19ms]
2023-10-14 17:55:02.252 [info] > git for-each-ref --format=%(refname)%00%(upstream:short)%00%(objectname)%00%(upstream:track)%00%(upstream:remotename)%00%(upstream:remoteref) refs/heads/githubpagesdeploy refs/remotes/githubpagesdeploy [6ms]
2023-10-14 17:55:02.575 [info] > git status -z -uall [308ms]
2023-10-14 17:55:07.620 [info] > git config --get commit.template [18ms]
2023-10-14 17:55:07.624 [info] > git for-each-ref --format=%(refname)%00%(upstream:short)%00%(objectname)%00%(upstream:track)%00%(upstream:remotename)%00%(upstream:remoteref) refs/heads/githubpagesdeploy refs/remotes/githubpagesdeploy [6ms]
2023-10-14 17:55:07.965 [info] > git status -z -uall [326ms]
2023-10-14 17:55:13.011 [info] > git config --get commit.template [19ms]
2023-10-14 17:55:13.014 [info] > git for-each-ref --format=%(refname)%00%(upstream:short)%00%(objectname)%00%(upstream:track)%00%(upstream:remotename)%00%(upstream:remoteref) refs/heads/githubpagesdeploy refs/remotes/githubpagesdeploy [6ms]
2023-10-14 17:55:13.331 [info] > git status -z -uall [302ms]
2023-10-14 17:55:18.353 [info] > git config --get commit.template [6ms]
2023-10-14 17:55:18.354 [info] > git for-each-ref --format=%(refname)%00%(upstream:short)%00%(objectname)%00%(upstream:track)%00%(upstream:remotename)%00%(upstream:remoteref) refs/heads/githubpagesdeploy refs/remotes/githubpagesdeploy [1ms]
2023-10-14 17:55:18.453 [info] > git status -z -uall [94ms]
2023-10-14 17:55:23.524 [info] > git config --get commit.template [22ms]
2023-10-14 17:55:23.529 [info] > git for-each-ref --format=%(refname)%00%(upstream:short)%00%(objectname)%00%(upstream:track)%00%(upstream:remotename)%00%(upstream:remoteref) refs/heads/githubpagesdeploy refs/remotes/githubpagesdeploy [8ms]
2023-10-14 17:55:23.824 [info] > git status -z -uall [278ms]
2023-10-14 17:55:28.870 [info] > git config --get commit.template [19ms]
2023-10-14 17:55:28.874 [info] > git for-each-ref --format=%(refname)%00%(upstream:short)%00%(objectname)%00%(upstream:track)%00%(upstream:remotename)%00%(upstream:remoteref) refs/heads/githubpagesdeploy refs/remotes/githubpagesdeploy [6ms]
2023-10-14 17:55:29.197 [info] > git status -z -uall [308ms]
2023-10-14 17:55:34.034 [info] > git show --textconv :.editorconfig [27ms]
2023-10-14 17:55:34.066 [info] > git ls-files --stage -- /home/lmdc/Documents/WebPage/.editorconfig [38ms]
2023-10-14 17:55:34.092 [info] > git cat-file -s 59d9a3a3e73ffc640517ef488f6f89d6270195d1 [5ms]
2023-10-14 17:55:35.262 [info] > git config --get commit.template [18ms]
2023-10-14 17:55:35.266 [info] > git for-each-ref --format=%(refname)%00%(upstream:short)%00%(objectname)%00%(upstream:track)%00%(upstream:remotename)%00%(upstream:remoteref) refs/heads/githubpagesdeploy refs/remotes/githubpagesdeploy [5ms]
2023-10-14 17:55:35.591 [info] > git check-ignore -v -z --stdin [24ms]
2023-10-14 17:55:35.594 [info] > git status -z -uall [313ms]
2023-10-14 17:55:40.636 [info] > git config --get commit.template [19ms]
2023-10-14 17:55:40.640 [info] > git for-each-ref --format=%(refname)%00%(upstream:short)%00%(objectname)%00%(upstream:track)%00%(upstream:remotename)%00%(upstream:remoteref) refs/heads/githubpagesdeploy refs/remotes/githubpagesdeploy [6ms]
2023-10-14 17:55:40.976 [info] > git status -z -uall [321ms]
2023-10-14 17:55:44.410 [info] > git show --textconv :.gitignore [19ms]
2023-10-14 17:55:44.436 [info] > git ls-files --stage -- /home/lmdc/Documents/WebPage/.gitignore [27ms]
2023-10-14 17:55:44.458 [info] > git cat-file -s 77738287f0e619e47739347e957fda11878d3fff [6ms]
2023-10-14 17:55:46.023 [info] > git config --get commit.template [20ms]
2023-10-14 17:55:46.027 [info] > git for-each-ref --format=%(refname)%00%(upstream:short)%00%(objectname)%00%(upstream:track)%00%(upstream:remotename)%00%(upstream:remoteref) refs/heads/githubpagesdeploy refs/remotes/githubpagesdeploy [6ms]
2023-10-14 17:55:46.416 [info] > git status -z -uall [374ms]
2023-10-14 17:55:51.478 [info] > git config --get commit.template [23ms]
2023-10-14 17:55:51.482 [info] > git for-each-ref --format=%(refname)%00%(upstream:short)%00%(objectname)%00%(upstream:track)%00%(upstream:remotename)%00%(upstream:remoteref) refs/heads/githubpagesdeploy refs/remotes/githubpagesdeploy [7ms]
2023-10-14 17:55:51.809 [info] > git status -z -uall [309ms]
2023-10-14 17:55:56.859 [info] > git config --get commit.template [21ms]
2023-10-14 17:55:56.863 [info] > git for-each-ref --format=%(refname)%00%(upstream:short)%00%(objectname)%00%(upstream:track)%00%(upstream:remotename)%00%(upstream:remoteref) refs/heads/githubpagesdeploy refs/remotes/githubpagesdeploy [7ms]
2023-10-14 17:55:57.196 [info] > git status -z -uall [313ms]
2023-10-14 17:56:00.855 [info] > git show --textconv :docs/404.html [21ms]
2023-10-14 17:56:00.872 [info] > git ls-files --stage -- /home/lmdc/Documents/WebPage/docs/404.html [19ms]
2023-10-14 17:56:02.244 [info] > git config --get commit.template [22ms]
2023-10-14 17:56:02.250 [info] > git for-each-ref --format=%(refname)%00%(upstream:short)%00%(objectname)%00%(upstream:track)%00%(upstream:remotename)%00%(upstream:remoteref) refs/heads/githubpagesdeploy refs/remotes/githubpagesdeploy [9ms]
2023-10-14 17:56:02.580 [info] > git status -z -uall [313ms]
2023-10-14 17:56:07.631 [info] > git config --get commit.template [23ms]
2023-10-14 17:56:07.634 [info] > git for-each-ref --format=%(refname)%00%(upstream:short)%00%(objectname)%00%(upstream:track)%00%(upstream:remotename)%00%(upstream:remoteref) refs/heads/githubpagesdeploy refs/remotes/githubpagesdeploy [5ms]
2023-10-14 17:56:07.941 [info] > git status -z -uall [288ms]
2023-10-14 17:56:12.985 [info] > git config --get commit.template [19ms]
2023-10-14 17:56:12.988 [info] > git for-each-ref --format=%(refname)%00%(upstream:short)%00%(objectname)%00%(upstream:track)%00%(upstream:remotename)%00%(upstream:remoteref) refs/heads/githubpagesdeploy refs/remotes/githubpagesdeploy [5ms]
2023-10-14 17:56:13.311 [info] > git status -z -uall [307ms]
2023-10-14 17:56:18.358 [info] > git config --get commit.template [21ms]
2023-10-14 17:56:18.363 [info] > git for-each-ref --format=%(refname)%00%(upstream:short)%00%(objectname)%00%(upstream:track)%00%(upstream:remotename)%00%(upstream:remoteref) refs/heads/githubpagesdeploy refs/remotes/githubpagesdeploy [7ms]
2023-10-14 17:56:18.687 [info] > git status -z -uall [308ms]
