2023-10-14 17:53:44.387 [info] Reading sessions from keychain...
2023-10-14 17:53:44.387 [info] Getting sessions for all scopes...
2023-10-14 17:53:44.387 [info] Getting sessions for user:email...
2023-10-14 17:53:44.392 [info] Got 0 sessions for ...
2023-10-14 17:53:44.392 [info] Got 0 sessions for user:email...
2023-10-14 17:53:44.516 [info] Getting sessions for all scopes...
2023-10-14 17:53:44.517 [info] Got 0 sessions for ...
2023-10-14 17:54:03.607 [info] Reading sessions from keychain...
2023-10-14 17:54:03.607 [info] Getting sessions for all scopes...
2023-10-14 17:54:03.607 [info] Getting sessions for user:email...
2023-10-14 17:54:03.615 [info] Got 0 sessions for ...
2023-10-14 17:54:03.615 [info] Got 0 sessions for user:email...
2023-10-14 17:54:03.670 [info] Getting sessions for all scopes...
2023-10-14 17:54:03.670 [info] Got 0 sessions for ...
2023-10-14 17:54:03.718 [info] Getting sessions for read:user,repo,user:email,workflow...
2023-10-14 17:54:03.719 [info] Got 0 sessions for read:user,repo,user:email,workflow...
2023-10-14 17:54:03.805 [info] Getting sessions for all scopes...
2023-10-14 17:54:03.805 [info] Got 0 sessions for ...
2023-10-14 18:00:28.958 [info] Getting sessions for read:user,repo,user:email,workflow...
2023-10-14 18:00:28.958 [info] Got 0 sessions for read:user,repo,user:email,workflow...
2023-10-14 18:00:34.666 [info] Logging in for the following scopes: read:user repo user:email workflow
2023-10-14 18:00:34.763 [info] Trying without local server... (read:user repo user:email workflow)
2023-10-14 18:02:54.829 [error] User Cancelled
2023-10-14 18:03:06.977 [info] Getting sessions for read:user,repo,user:email,workflow...
2023-10-14 18:03:06.977 [info] Got 0 sessions for read:user,repo,user:email,workflow...
2023-10-14 18:03:08.256 [info] Logging in for the following scopes: read:user repo user:email workflow
2023-10-14 18:03:08.261 [info] Trying without local server... (read:user repo user:email workflow)
2023-10-14 18:03:28.212 [error] User Cancelled
2023-10-14 18:03:34.690 [info] Trying with local server... (read:user repo user:email workflow)
2023-10-14 18:04:11.489 [error] User Cancelled
